{
  "RSpec": {
    "coverage": {
      "/Users/kristinruben/Dropbox/washr/app/models/user.rb": [
        1,
        null,
        null,
        1,
        null,
        null
      ],
      "/Users/kristinruben/Dropbox/washr/app/helpers/application_helper.rb": [
        1,
        null
      ],
      "/Users/kristinruben/Dropbox/washr/app/helpers/states_helper.rb": [
        1,
        null,
        1,
        null,
        null,
        null,
        null,
        null,
        null,
        null,
        null,
        null,
        null,
        null,
        null,
        null,
        null,
        null,
        null,
        null,
        null,
        null,
        null,
        null,
        null,
        null,
        null,
        null,
        null,
        null,
        null,
        null,
        null,
        null,
        null,
        null,
        null,
        null,
        null,
        null,
        null,
        null,
        null,
        null,
        null,
        null,
        null,
        null,
        null,
        null,
        null,
        null,
        null,
        null,
        null,
        null,
        null,
        null
      ],
      "/Users/kristinruben/Dropbox/washr/app/models/dryer.rb": [
        1,
        1,
        null,
        1,
        null
      ],
      "/Users/kristinruben/Dropbox/washr/app/models/laundromat.rb": [
        1,
        1,
        1,
        1,
        1,
        1,
        null,
        1,
        1,
        1,
        null
      ],
      "/Users/kristinruben/Dropbox/washr/app/models/washer.rb": [
        1,
        1,
        null,
        1,
        null
      ],
      "/Users/kristinruben/Dropbox/washr/app/controllers/laundromats_controller.rb": [
        1,
        null,
        1,
        16,
        null,
        null,
        1,
        3,
        3,
        3,
        null,
        null,
        1,
        7,
        7,
        null,
        7,
        1,
        1,
        null,
        null,
        null,
        1,
        3,
        3,
        1,
        1,
        null,
        2,
        2,
        2,
        null,
        null,
        null,
        1,
        0,
        0,
        null,
        null,
        1,
        0,
        0,
        0,
        0,
        0,
        null,
        0,
        0,
        0,
        null,
        null,
        null,
        1,
        0,
        0,
        0,
        0,
        null,
        0,
        null,
        null,
        null,
        null,
        null,
        null,
        null,
        1,
        null,
        1,
        3,
        null,
        null,
        null
      ],
      "/Users/kristinruben/Dropbox/washr/app/controllers/application_controller.rb": [
        1,
        1,
        1,
        null,
        1,
        null,
        1,
        14,
        null,
        null,
        null,
        null,
        null,
        14,
        14,
        14,
        null,
        null
      ],
      "/Users/kristinruben/Dropbox/washr/app/controllers/washers_controller.rb": [
        1,
        1,
        2,
        2,
        2,
        null,
        2,
        2,
        2,
        null,
        0,
        0,
        null,
        null,
        null,
        1,
        3,
        3,
        3,
        0,
        0,
        null,
        null,
        null,
        null,
        1,
        null,
        1,
        2,
        null,
        null,
        null,
        null
      ],
      "/Users/kristinruben/Dropbox/washr/app/controllers/api/dryers_controller.rb": [
        0,
        0,
        0,
        0,
        0,
        0,
        0
      ],
      "/Users/kristinruben/Dropbox/washr/app/controllers/api/laundromats_controller.rb": [
        0,
        0,
        0,
        0,
        0
      ],
      "/Users/kristinruben/Dropbox/washr/app/controllers/api/washers_controller.rb": [
        0,
        0,
        0,
        0,
        0,
        0,
        0
      ],
      "/Users/kristinruben/Dropbox/washr/app/controllers/dryers_controller.rb": [
        0,
        0,
        0,
        0,
        0,
        0,
        0,
        0,
        0,
        0,
        0,
        0,
        0,
        0,
        0,
        0,
        0,
        0,
        0,
        0,
        0,
        0,
        0,
        0,
        0,
        0,
        0,
        0,
        0,
        0,
        0,
        0,
        0
      ]
    },
    "timestamp": 1469571565
  }
}
